[debug] [2022-10-13T07:21:34.452Z] ----------------------------------------------------------------------
[debug] [2022-10-13T07:21:34.456Z] Command:       C:\Program Files\nodejs\node.exe C:\Users\Administrator\AppData\Roaming\npm\node_modules\firebase-tools\lib\bin\firebase.js init
[debug] [2022-10-13T07:21:34.457Z] CLI Version:   10.5.0
[debug] [2022-10-13T07:21:34.457Z] Platform:      win32
[debug] [2022-10-13T07:21:34.457Z] Node Version:  v16.16.0
[debug] [2022-10-13T07:21:34.469Z] Time:          Thu Oct 13 2022 13:21:34 GMT+0600 (Bangladesh Standard Time)
[debug] [2022-10-13T07:21:34.470Z] ----------------------------------------------------------------------
[debug] 
[debug] [2022-10-13T07:21:34.476Z] >>> [apiv2][query] GET https://firebase-public.firebaseio.com/cli.json [none]
[debug] [2022-10-13T07:21:34.622Z] > command requires scopes: ["email","openid","https://www.googleapis.com/auth/cloudplatformprojects.readonly","https://www.googleapis.com/auth/firebase","https://www.googleapis.com/auth/cloud-platform"]
[debug] [2022-10-13T07:21:34.623Z] > authorizing via signed-in user (anikbaruaturjoy34@gmail.com)
[info] 
     ######## #### ########  ######## ########     ###     ######  ########
     ##        ##  ##     ## ##       ##     ##  ##   ##  ##       ##
     ######    ##  ########  ######   ########  #########  ######  ######
     ##        ##  ##    ##  ##       ##     ## ##     ##       ## ##
     ##       #### ##     ## ######## ########  ##     ##  ######  ########

You're about to initialize a Firebase project in this directory:

  C:\development\iman-express-project

Before we get started, keep in mind:

  * You are currently outside your home directory
  * You are initializing within an existing Firebase project directory

[debug] [2022-10-13T07:21:35.397Z] <<< [apiv2][status] GET https://firebase-public.firebaseio.com/cli.json 200
[debug] [2022-10-13T07:21:35.397Z] <<< [apiv2][body] GET https://firebase-public.firebaseio.com/cli.json {"cloudBuildErrorAfter":1594252800000,"cloudBuildWarnAfter":1590019200000,"defaultNode10After":1594252800000,"minVersion":"3.0.5","node8DeploysDisabledAfter":1613390400000,"node8RuntimeDisabledAfter":1615809600000,"node8WarnAfter":1600128000000}
[info] 
=== Project Setup
[info] 
[info] First, let's associate this project directory with a Firebase project.
[info] You can create multiple project aliases by running firebase use --add, 
[info] but for now we'll just set up a default project.
[info] 
[debug] [2022-10-13T07:22:08.749Z] Using project from CLI flag: iman-xpress-9b3a9
[debug] [2022-10-13T07:22:08.751Z] > refreshing access token with scopes: []
[debug] [2022-10-13T07:22:08.752Z] >>> HTTP REQUEST POST https://www.googleapis.com/oauth2/v3/token  
 <request body omitted>
[debug] [2022-10-13T07:22:09.177Z] <<< HTTP RESPONSE 200 {"cache-control":"no-cache, no-store, max-age=0, must-revalidate","expires":"Mon, 01 Jan 1990 00:00:00 GMT","date":"Thu, 13 Oct 2022 07:22:09 GMT","pragma":"no-cache","content-type":"application/json; charset=utf-8","vary":"X-Origin, Referer, Origin,Accept-Encoding","server":"scaffolding on HTTPServer2","x-xss-protection":"0","x-frame-options":"SAMEORIGIN","x-content-type-options":"nosniff","alt-svc":"h3=\":443\"; ma=2592000,h3-29=\":443\"; ma=2592000,h3-Q050=\":443\"; ma=2592000,h3-Q046=\":443\"; ma=2592000,h3-Q043=\":443\"; ma=2592000,quic=\":443\"; ma=2592000; v=\"46,43\"","accept-ranges":"none","transfer-encoding":"chunked"}
[debug] [2022-10-13T07:22:09.619Z] >>> [apiv2][query] GET https://firebase.googleapis.com/v1beta1/projects/iman-xpress-9b3a9 [none]
[debug] [2022-10-13T07:22:10.398Z] <<< [apiv2][status] GET https://firebase.googleapis.com/v1beta1/projects/iman-xpress-9b3a9 403
[debug] [2022-10-13T07:22:10.400Z] <<< [apiv2][body] GET https://firebase.googleapis.com/v1beta1/projects/iman-xpress-9b3a9 {"error":{"code":403,"message":"The caller does not have permission","status":"PERMISSION_DENIED"}}
[debug] [2022-10-13T07:22:10.400Z] HTTP Error: 403, The caller does not have permission
[debug] [2022-10-13T07:22:10.402Z] FirebaseError: HTTP Error: 403, The caller does not have permission
    at module.exports (C:\Users\Administrator\AppData\Roaming\npm\node_modules\firebase-tools\lib\responseToError.js:47:12)
    at RetryOperation._fn (C:\Users\Administrator\AppData\Roaming\npm\node_modules\firebase-tools\lib\apiv2.js:286:39)
    at processTicksAndRejections (node:internal/process/task_queues:96:5)
[error] 
[error] Error: Failed to get Firebase project iman-xpress-9b3a9. Please make sure the project exists and your account has permission to access it.
